<?xml version="1.0" encoding="UTF-8"?>
<testsuite xmlns:xsi="http://www.w3.org/2001/XMLSchema-instance" xsi:noNamespaceSchemaLocation="https://maven.apache.org/surefire/maven-surefire-plugin/xsd/surefire-test-report-3.0.xsd" version="3.0" name="com.jagrosh.jmusicbot.FairQueueTest" time="0.087" tests="2" errors="0" skipped="0" failures="0">
  <properties>
    <property name="java.specification.version" value="21"/>
    <property name="sun.cpu.isalist" value="amd64"/>
    <property name="sun.jnu.encoding" value="Cp1252"/>
    <property name="java.class.path" value="C:\Users\shinr\Music\MusicBot\MusicBot\target\test-classes;C:\Users\shinr\Music\MusicBot\MusicBot\target\classes;C:\Users\shinr\.m2\repository\net\dv8tion\JDA\4.4.1_353\JDA-4.4.1_353.jar;C:\Users\shinr\.m2\repository\com\google\code\findbugs\jsr305\3.0.2\jsr305-3.0.2.jar;C:\Users\shinr\.m2\repository\org\jetbrains\annotations\16.0.1\annotations-16.0.1.jar;C:\Users\shinr\.m2\repository\org\slf4j\slf4j-api\1.7.25\slf4j-api-1.7.25.jar;C:\Users\shinr\.m2\repository\com\neovisionaries\nv-websocket-client\2.14\nv-websocket-client-2.14.jar;C:\Users\shinr\.m2\repository\com\squareup\okhttp3\okhttp\3.13.0\okhttp-3.13.0.jar;C:\Users\shinr\.m2\repository\com\squareup\okio\okio\1.17.2\okio-1.17.2.jar;C:\Users\shinr\.m2\repository\club\minnced\opus-java-api\1.1.0\opus-java-api-1.1.0.jar;C:\Users\shinr\.m2\repository\net\java\dev\jna\jna\4.4.0\jna-4.4.0.jar;C:\Users\shinr\.m2\repository\club\minnced\opus-java-natives\1.1.0\opus-java-natives-1.1.0.jar;C:\Users\shinr\.m2\repository\org\apache\commons\commons-collections4\4.1\commons-collections4-4.1.jar;C:\Users\shinr\.m2\repository\net\sf\trove4j\trove4j\3.0.3\trove4j-3.0.3.jar;C:\Users\shinr\.m2\repository\com\fasterxml\jackson\core\jackson-databind\2.10.1\jackson-databind-2.10.1.jar;C:\Users\shinr\.m2\repository\com\fasterxml\jackson\core\jackson-annotations\2.10.1\jackson-annotations-2.10.1.jar;C:\Users\shinr\.m2\repository\com\github\JDA-Applications\JDA-Utilities\master-08bf3c3f89-1\JDA-Utilities-master-08bf3c3f89-1.jar;C:\Users\shinr\.m2\repository\com\github\JDA-Applications\JDA-Utilities\jda-utilities-command\master-08bf3c3f89-1\jda-utilities-command-master-08bf3c3f89-1.jar;C:\Users\shinr\.m2\repository\com\github\JDA-Applications\JDA-Utilities\jda-utilities-commons\master-08bf3c3f89-1\jda-utilities-commons-master-08bf3c3f89-1.jar;C:\Users\shinr\.m2\repository\com\github\JDA-Applications\JDA-Utilities\jda-utilities-doc\master-08bf3c3f89-1\jda-utilities-doc-master-08bf3c3f89-1.jar;C:\Users\shinr\.m2\repository\com\github\JDA-Applications\JDA-Utilities\jda-utilities-examples\master-08bf3c3f89-1\jda-utilities-examples-master-08bf3c3f89-1.jar;C:\Users\shinr\.m2\repository\com\github\JDA-Applications\JDA-Utilities\jda-utilities-menu\master-08bf3c3f89-1\jda-utilities-menu-master-08bf3c3f89-1.jar;C:\Users\shinr\.m2\repository\com\github\JDA-Applications\JDA-Utilities\jda-utilities-oauth2\master-08bf3c3f89-1\jda-utilities-oauth2-master-08bf3c3f89-1.jar;C:\Users\shinr\.m2\repository\dev\arbjerg\lavaplayer\2.2.3\lavaplayer-2.2.3.jar;C:\Users\shinr\.m2\repository\dev\arbjerg\lava-common\2.2.3\lava-common-2.2.3.jar;C:\Users\shinr\.m2\repository\org\apache\httpcomponents\httpclient\4.5.14\httpclient-4.5.14.jar;C:\Users\shinr\.m2\repository\org\apache\httpcomponents\httpcore\4.4.16\httpcore-4.4.16.jar;C:\Users\shinr\.m2\repository\commons-logging\commons-logging\1.2\commons-logging-1.2.jar;C:\Users\shinr\.m2\repository\commons-codec\commons-codec\1.11\commons-codec-1.11.jar;C:\Users\shinr\.m2\repository\com\fasterxml\jackson\core\jackson-core\2.15.2\jackson-core-2.15.2.jar;C:\Users\shinr\.m2\repository\dev\arbjerg\lavaplayer-natives\2.2.3\lavaplayer-natives-2.2.3.jar;C:\Users\shinr\.m2\repository\org\mozilla\rhino-engine\1.7.14\rhino-engine-1.7.14.jar;C:\Users\shinr\.m2\repository\org\mozilla\rhino\1.7.14\rhino-1.7.14.jar;C:\Users\shinr\.m2\repository\commons-io\commons-io\2.13.0\commons-io-2.13.0.jar;C:\Users\shinr\.m2\repository\net\iharder\base64\2.3.9\base64-2.3.9.jar;C:\Users\shinr\.m2\repository\org\json\json\20240303\json-20240303.jar;C:\Users\shinr\.m2\repository\dev\lavalink\youtube\common\1.11.5\common-1.11.5.jar;C:\Users\shinr\.m2\repository\com\grack\nanojson\1.7\nanojson-1.7.jar;C:\Users\shinr\.m2\repository\com\github\jagrosh\JLyrics\master-01cf4ee007-1\JLyrics-master-01cf4ee007-1.jar;C:\Users\shinr\.m2\repository\com\dunctebot\sourcemanagers\1.9.0\sourcemanagers-1.9.0.jar;C:\Users\shinr\.m2\repository\ch\qos\logback\logback-classic\1.2.13\logback-classic-1.2.13.jar;C:\Users\shinr\.m2\repository\ch\qos\logback\logback-core\1.2.13\logback-core-1.2.13.jar;C:\Users\shinr\.m2\repository\com\typesafe\config\1.3.2\config-1.3.2.jar;C:\Users\shinr\.m2\repository\org\jsoup\jsoup\1.15.3\jsoup-1.15.3.jar;C:\Users\shinr\.m2\repository\junit\junit\4.13.1\junit-4.13.1.jar;C:\Users\shinr\.m2\repository\org\hamcrest\hamcrest-core\1.3\hamcrest-core-1.3.jar;"/>
    <property name="java.vm.vendor" value="Eclipse Adoptium"/>
    <property name="sun.arch.data.model" value="64"/>
    <property name="user.variant" value=""/>
    <property name="java.vendor.url" value="https://adoptium.net/"/>
    <property name="user.timezone" value="Asia/Saigon"/>
    <property name="os.name" value="Windows 11"/>
    <property name="java.vm.specification.version" value="21"/>
    <property name="sun.java.launcher" value="SUN_STANDARD"/>
    <property name="user.country" value="US"/>
    <property name="sun.boot.library.path" value="C:\Program Files\Eclipse Adoptium\jdk-21.0.6.7-hotspot\bin"/>
    <property name="sun.java.command" value="C:\Users\shinr\AppData\Local\Temp\surefire2112568499209035544\surefirebooter-20250306180558652_3.jar C:\Users\shinr\AppData\Local\Temp\surefire2112568499209035544 2025-03-06T18-05-58_530-jvmRun1 surefire-20250306180558652_1tmp surefire_0-20250306180558652_2tmp"/>
    <property name="jdk.debug" value="release"/>
    <property name="surefire.test.class.path" value="C:\Users\shinr\Music\MusicBot\MusicBot\target\test-classes;C:\Users\shinr\Music\MusicBot\MusicBot\target\classes;C:\Users\shinr\.m2\repository\net\dv8tion\JDA\4.4.1_353\JDA-4.4.1_353.jar;C:\Users\shinr\.m2\repository\com\google\code\findbugs\jsr305\3.0.2\jsr305-3.0.2.jar;C:\Users\shinr\.m2\repository\org\jetbrains\annotations\16.0.1\annotations-16.0.1.jar;C:\Users\shinr\.m2\repository\org\slf4j\slf4j-api\1.7.25\slf4j-api-1.7.25.jar;C:\Users\shinr\.m2\repository\com\neovisionaries\nv-websocket-client\2.14\nv-websocket-client-2.14.jar;C:\Users\shinr\.m2\repository\com\squareup\okhttp3\okhttp\3.13.0\okhttp-3.13.0.jar;C:\Users\shinr\.m2\repository\com\squareup\okio\okio\1.17.2\okio-1.17.2.jar;C:\Users\shinr\.m2\repository\club\minnced\opus-java-api\1.1.0\opus-java-api-1.1.0.jar;C:\Users\shinr\.m2\repository\net\java\dev\jna\jna\4.4.0\jna-4.4.0.jar;C:\Users\shinr\.m2\repository\club\minnced\opus-java-natives\1.1.0\opus-java-natives-1.1.0.jar;C:\Users\shinr\.m2\repository\org\apache\commons\commons-collections4\4.1\commons-collections4-4.1.jar;C:\Users\shinr\.m2\repository\net\sf\trove4j\trove4j\3.0.3\trove4j-3.0.3.jar;C:\Users\shinr\.m2\repository\com\fasterxml\jackson\core\jackson-databind\2.10.1\jackson-databind-2.10.1.jar;C:\Users\shinr\.m2\repository\com\fasterxml\jackson\core\jackson-annotations\2.10.1\jackson-annotations-2.10.1.jar;C:\Users\shinr\.m2\repository\com\github\JDA-Applications\JDA-Utilities\master-08bf3c3f89-1\JDA-Utilities-master-08bf3c3f89-1.jar;C:\Users\shinr\.m2\repository\com\github\JDA-Applications\JDA-Utilities\jda-utilities-command\master-08bf3c3f89-1\jda-utilities-command-master-08bf3c3f89-1.jar;C:\Users\shinr\.m2\repository\com\github\JDA-Applications\JDA-Utilities\jda-utilities-commons\master-08bf3c3f89-1\jda-utilities-commons-master-08bf3c3f89-1.jar;C:\Users\shinr\.m2\repository\com\github\JDA-Applications\JDA-Utilities\jda-utilities-doc\master-08bf3c3f89-1\jda-utilities-doc-master-08bf3c3f89-1.jar;C:\Users\shinr\.m2\repository\com\github\JDA-Applications\JDA-Utilities\jda-utilities-examples\master-08bf3c3f89-1\jda-utilities-examples-master-08bf3c3f89-1.jar;C:\Users\shinr\.m2\repository\com\github\JDA-Applications\JDA-Utilities\jda-utilities-menu\master-08bf3c3f89-1\jda-utilities-menu-master-08bf3c3f89-1.jar;C:\Users\shinr\.m2\repository\com\github\JDA-Applications\JDA-Utilities\jda-utilities-oauth2\master-08bf3c3f89-1\jda-utilities-oauth2-master-08bf3c3f89-1.jar;C:\Users\shinr\.m2\repository\dev\arbjerg\lavaplayer\2.2.3\lavaplayer-2.2.3.jar;C:\Users\shinr\.m2\repository\dev\arbjerg\lava-common\2.2.3\lava-common-2.2.3.jar;C:\Users\shinr\.m2\repository\org\apache\httpcomponents\httpclient\4.5.14\httpclient-4.5.14.jar;C:\Users\shinr\.m2\repository\org\apache\httpcomponents\httpcore\4.4.16\httpcore-4.4.16.jar;C:\Users\shinr\.m2\repository\commons-logging\commons-logging\1.2\commons-logging-1.2.jar;C:\Users\shinr\.m2\repository\commons-codec\commons-codec\1.11\commons-codec-1.11.jar;C:\Users\shinr\.m2\repository\com\fasterxml\jackson\core\jackson-core\2.15.2\jackson-core-2.15.2.jar;C:\Users\shinr\.m2\repository\dev\arbjerg\lavaplayer-natives\2.2.3\lavaplayer-natives-2.2.3.jar;C:\Users\shinr\.m2\repository\org\mozilla\rhino-engine\1.7.14\rhino-engine-1.7.14.jar;C:\Users\shinr\.m2\repository\org\mozilla\rhino\1.7.14\rhino-1.7.14.jar;C:\Users\shinr\.m2\repository\commons-io\commons-io\2.13.0\commons-io-2.13.0.jar;C:\Users\shinr\.m2\repository\net\iharder\base64\2.3.9\base64-2.3.9.jar;C:\Users\shinr\.m2\repository\org\json\json\20240303\json-20240303.jar;C:\Users\shinr\.m2\repository\dev\lavalink\youtube\common\1.11.5\common-1.11.5.jar;C:\Users\shinr\.m2\repository\com\grack\nanojson\1.7\nanojson-1.7.jar;C:\Users\shinr\.m2\repository\com\github\jagrosh\JLyrics\master-01cf4ee007-1\JLyrics-master-01cf4ee007-1.jar;C:\Users\shinr\.m2\repository\com\dunctebot\sourcemanagers\1.9.0\sourcemanagers-1.9.0.jar;C:\Users\shinr\.m2\repository\ch\qos\logback\logback-classic\1.2.13\logback-classic-1.2.13.jar;C:\Users\shinr\.m2\repository\ch\qos\logback\logback-core\1.2.13\logback-core-1.2.13.jar;C:\Users\shinr\.m2\repository\com\typesafe\config\1.3.2\config-1.3.2.jar;C:\Users\shinr\.m2\repository\org\jsoup\jsoup\1.15.3\jsoup-1.15.3.jar;C:\Users\shinr\.m2\repository\junit\junit\4.13.1\junit-4.13.1.jar;C:\Users\shinr\.m2\repository\org\hamcrest\hamcrest-core\1.3\hamcrest-core-1.3.jar;"/>
    <property name="sun.cpu.endian" value="little"/>
    <property name="user.home" value="C:\Users\shinr"/>
    <property name="user.language" value="en"/>
    <property name="java.specification.vendor" value="Oracle Corporation"/>
    <property name="java.version.date" value="2025-01-21"/>
    <property name="java.home" value="C:\Program Files\Eclipse Adoptium\jdk-21.0.6.7-hotspot"/>
    <property name="file.separator" value="\"/>
    <property name="basedir" value="C:\Users\shinr\Music\MusicBot\MusicBot"/>
    <property name="java.vm.compressedOopsMode" value="Zero based"/>
    <property name="line.separator" value="&#10;"/>
    <property name="java.vm.specification.vendor" value="Oracle Corporation"/>
    <property name="java.specification.name" value="Java Platform API Specification"/>
    <property name="surefire.real.class.path" value="C:\Users\shinr\AppData\Local\Temp\surefire2112568499209035544\surefirebooter-20250306180558652_3.jar"/>
    <property name="user.script" value=""/>
    <property name="sun.management.compiler" value="HotSpot 64-Bit Tiered Compilers"/>
    <property name="java.runtime.version" value="21.0.6+7-LTS"/>
    <property name="user.name" value="shinr"/>
    <property name="stdout.encoding" value="Cp1252"/>
    <property name="path.separator" value=";"/>
    <property name="os.version" value="10.0"/>
    <property name="java.runtime.name" value="OpenJDK Runtime Environment"/>
    <property name="file.encoding" value="UTF-8"/>
    <property name="java.vm.name" value="OpenJDK 64-Bit Server VM"/>
    <property name="java.vendor.version" value="Temurin-21.0.6+7"/>
    <property name="localRepository" value="C:\Users\shinr\.m2\repository"/>
    <property name="java.vendor.url.bug" value="https://github.com/adoptium/adoptium-support/issues"/>
    <property name="java.io.tmpdir" value="C:\Users\shinr\AppData\Local\Temp\"/>
    <property name="java.version" value="21.0.6"/>
    <property name="user.dir" value="C:\Users\shinr\Music\MusicBot\MusicBot"/>
    <property name="os.arch" value="amd64"/>
    <property name="java.vm.specification.name" value="Java Virtual Machine Specification"/>
    <property name="sun.os.patch.level" value=""/>
    <property name="native.encoding" value="Cp1252"/>
    <property name="java.library.path" value="C:\Program Files\Eclipse Adoptium\jdk-21.0.6.7-hotspot\bin;C:\WINDOWS\Sun\Java\bin;C:\WINDOWS\system32;C:\WINDOWS;C:\Program Files\Eclipse Adoptium\jdk-21.0.6.7-hotspot\bin;C:\Program Files (x86)\Common Files\Oracle\Java\javapath;c:\Users\shinr\AppData\Local\Programs\cursor\resources\app\bin;C:\WINDOWS\system32;C:\WINDOWS;C:\WINDOWS\System32\Wbem;C:\WINDOWS\System32\WindowsPowerShell\v1.0\;C:\WINDOWS\System32\OpenSSH\;C:\Program Files\dotnet\;C:\Program Files\Git\cmd;C:\Users\shinr\AppData\Local\Microsoft\WindowsApps;C:\Users\shinr\AppData\Roaming\npm;c:\Users\shinr\AppData\Local\Programs\cursor\resources\app\bin;c:\Users\shinr\AppData\Local\Programs\cursor\resources\app\bin;C:\Program Files (x86)\Microsoft SQL Server\160\Tools\Binn\;C:\Program Files\Microsoft SQL Server\160\Tools\Binn\;C:\Program Files\Microsoft SQL Server\Client SDK\ODBC\170\Tools\Binn\;C:\Program Files\Microsoft SQL Server\160\DTS\Binn\;C:\Program Files (x86)\NVIDIA Corporation\PhysX\Common;C:\Program Files\NVIDIA Corporation\NVIDIA app\NvDLISR;C:\Program Files\Cloudflare\Cloudflare WARP\;C:\Program Files\Docker\Docker\resources\bin;C:\Program Files\Maven\apache-maven-3.9.9\bin;C:\Users\shinr\AppData\Local\Programs\cursor\resources\app\bin;."/>
    <property name="java.vm.info" value="mixed mode, sharing"/>
    <property name="stderr.encoding" value="Cp1252"/>
    <property name="java.vendor" value="Eclipse Adoptium"/>
    <property name="java.vm.version" value="21.0.6+7-LTS"/>
    <property name="sun.io.unicode.encoding" value="UnicodeLittle"/>
    <property name="java.class.version" value="65.0"/>
  </properties>
  <testcase name="sameIdentifierSize" classname="com.jagrosh.jmusicbot.FairQueueTest" time="0.011"/>
  <testcase name="differentIdentifierSize" classname="com.jagrosh.jmusicbot.FairQueueTest" time="0.003"/>
</testsuite>